<?xml version="1.0" encoding="UTF-8"?>
<!-- Generated by org.testng.reporters.JUnitReportReporter -->
<testsuite skipped="0" hostname="LH7U05CG51707G9" name="Integration.ProjectIntegration.AppTest" tests="1" failures="0" timestamp="27 Feb 2018 12:57:34 GMT" time="35.767" errors="0">
  <testcase name="testng" time="35.767" classname="Integration.ProjectIntegration.AppTest"/>
</testsuite> <!-- Integration.ProjectIntegration.AppTest -->
